card: AC dealt on stack 0
card: 2C dealt on stack 1
1comparing :2C AC
matchstack:1 offset: 1
card: 3C dealt on stack 1
1comparing :3C 2C
matchstack:1 offset: 1
card: 4C dealt on stack 1
1comparing :4C 3C
matchstack:1 offset: 1
card: 5C dealt on stack 1
1comparing :5C 4C
matchstack:1 offset: 1
card: 6C dealt on stack 1
1comparing :6C 5C
matchstack:1 offset: 1
card: 7C dealt on stack 1
1comparing :7C 6C
matchstack:1 offset: 1
card: 8C dealt on stack 1
1comparing :8C 7C
matchstack:1 offset: 1
card: 9C dealt on stack 1
1comparing :9C 8C
matchstack:1 offset: 1
card: TC dealt on stack 1
1comparing :TC 9C
matchstack:1 offset: 1
card: JC dealt on stack 1
1comparing :JC TC
matchstack:1 offset: 1
card: QC dealt on stack 1
1comparing :QC JC
matchstack:1 offset: 1
card: KC dealt on stack 1
1comparing :KC QC
matchstack:1 offset: 1
card: AD dealt on stack 1
1comparing :AD KC
card: 2D dealt on stack 2
1comparing :AD KC
1comparing :2D AD
matchstack:2 offset: 1
1comparing :2D KC
card: 3D dealt on stack 2
1comparing :2D KC
1comparing :3D 2D
matchstack:2 offset: 1
1comparing :3D KC
card: 4D dealt on stack 2
1comparing :3D KC
1comparing :4D 3D
matchstack:2 offset: 1
1comparing :4D KC
card: 5D dealt on stack 2
1comparing :4D KC
1comparing :5D 4D
matchstack:2 offset: 1
1comparing :5D KC
card: 6D dealt on stack 2
1comparing :5D KC
1comparing :6D 5D
matchstack:2 offset: 1
1comparing :6D KC
card: 7D dealt on stack 2
1comparing :6D KC
1comparing :7D 6D
matchstack:2 offset: 1
1comparing :7D KC
card: 8D dealt on stack 2
1comparing :7D KC
1comparing :8D 7D
matchstack:2 offset: 1
1comparing :8D KC
card: TD dealt on stack 2
1comparing :8D KC
1comparing :TD 8D
matchstack:2 offset: 1
1comparing :TD KC
card: 9D dealt on stack 2
1comparing :TD KC
1comparing :9D TD
matchstack:2 offset: 1
1comparing :9D KC
card: JD dealt on stack 2
1comparing :9D KC
1comparing :JD 9D
matchstack:2 offset: 1
1comparing :JD KC
card: QD dealt on stack 2
1comparing :JD KC
1comparing :QD JD
matchstack:2 offset: 1
1comparing :QD KC
card: KD dealt on stack 2
1comparing :QD KC
1comparing :KD QD
matchstack:2 offset: 1
1comparing :KD KC
matchstack:1 offset: 1
1comparing :QD KD
matchstack:1 offset: 1
1comparing :JD QD
matchstack:1 offset: 1
1comparing :9D JD
matchstack:1 offset: 1
1comparing :TD 9D
matchstack:1 offset: 1
1comparing :8D TD
matchstack:1 offset: 1
1comparing :7D 8D
matchstack:1 offset: 1
1comparing :6D 7D
matchstack:1 offset: 1
1comparing :5D 6D
matchstack:1 offset: 1
1comparing :4D 5D
matchstack:1 offset: 1
1comparing :3D 4D
matchstack:1 offset: 1
1comparing :2D 3D
matchstack:1 offset: 1
1comparing :AD 2D
matchstack:1 offset: 1
card: AH dealt on stack 1
1comparing :AH AD
matchstack:1 offset: 1
card: 2H dealt on stack 1
1comparing :2H AH
matchstack:1 offset: 1
card: 3H dealt on stack 1
1comparing :3H 2H
matchstack:1 offset: 1
card: 4H dealt on stack 1
1comparing :4H 3H
matchstack:1 offset: 1
card: 5H dealt on stack 1
1comparing :5H 4H
matchstack:1 offset: 1
card: 6H dealt on stack 1
1comparing :6H 5H
matchstack:1 offset: 1
card: 7H dealt on stack 1
1comparing :7H 6H
matchstack:1 offset: 1
card: 8H dealt on stack 1
1comparing :8H 7H
matchstack:1 offset: 1
card: 9H dealt on stack 1
1comparing :9H 8H
matchstack:1 offset: 1
card: KH dealt on stack 1
1comparing :KH 9H
matchstack:1 offset: 1
card: 6S dealt on stack 1
1comparing :6S KH
card: QH dealt on stack 2
1comparing :6S KH
1comparing :QH 6S
card: TH dealt on stack 3
1comparing :6S KH
1comparing :QH 6S
1comparing :TH QH
3comparing :TH KH
matchstack:3 offset: 3
1comparing :6S TH
1comparing :QH 6S
card: AS dealt on stack 3
1comparing :6S TH
1comparing :QH 6S
1comparing :AS QH
3comparing :AS TH
card: 2S dealt on stack 4
1comparing :6S TH
1comparing :QH 6S
1comparing :AS QH
1comparing :2S AS
3comparing :AS TH
3comparing :2S 6S
matchstack:4 offset: 3
1comparing :2S TH
1comparing :QH 2S
1comparing :AS QH
3comparing :AS TH
card: 3S dealt on stack 4
1comparing :2S TH
1comparing :QH 2S
1comparing :AS QH
1comparing :3S AS
3comparing :AS TH
3comparing :3S 2S
matchstack:4 offset: 3
1comparing :3S TH
1comparing :QH 3S
1comparing :AS QH
3comparing :AS TH
card: 4S dealt on stack 4
1comparing :3S TH
1comparing :QH 3S
1comparing :AS QH
1comparing :4S AS
3comparing :AS TH
3comparing :4S 3S
matchstack:4 offset: 3
1comparing :4S TH
1comparing :QH 4S
1comparing :AS QH
3comparing :AS TH
card: 5S dealt on stack 4
1comparing :4S TH
1comparing :QH 4S
1comparing :AS QH
1comparing :5S AS
3comparing :AS TH
3comparing :5S 4S
matchstack:4 offset: 3
1comparing :5S TH
1comparing :QH 5S
1comparing :AS QH
3comparing :AS TH
card: JH dealt on stack 4
1comparing :5S TH
1comparing :QH 5S
1comparing :AS QH
1comparing :JH AS
3comparing :AS TH
3comparing :JH 5S
card: 7S dealt on stack 5
1comparing :5S TH
1comparing :QH 5S
1comparing :AS QH
1comparing :JH AS
1comparing :7S JH
3comparing :AS TH
3comparing :JH 5S
3comparing :7S QH
card: 8S dealt on stack 6
1comparing :5S TH
1comparing :QH 5S
1comparing :AS QH
1comparing :JH AS
1comparing :7S JH
1comparing :8S 7S
3comparing :AS TH
3comparing :JH 5S
3comparing :7S QH
3comparing :8S AS
matchstack:6 offset: 3
1comparing :5S TH
1comparing :QH 5S
1comparing :8S QH
1comparing :JH 8S
1comparing :7S JH
3comparing :8S TH
3comparing :JH 5S
3comparing :7S QH
card: 9S dealt on stack 6
1comparing :5S TH
1comparing :QH 5S
1comparing :8S QH
1comparing :JH 8S
1comparing :7S JH
1comparing :9S 7S
3comparing :8S TH
3comparing :JH 5S
3comparing :7S QH
3comparing :9S 8S
matchstack:6 offset: 3
1comparing :5S TH
1comparing :QH 5S
1comparing :9S QH
1comparing :JH 9S
1comparing :7S JH
3comparing :9S TH
3comparing :JH 5S
3comparing :7S QH
card: TS dealt on stack 6
1comparing :5S TH
1comparing :QH 5S
1comparing :9S QH
1comparing :JH 9S
1comparing :7S JH
1comparing :TS 7S
3comparing :9S TH
3comparing :JH 5S
3comparing :7S QH
3comparing :TS 9S
matchstack:6 offset: 3
1comparing :5S TH
1comparing :QH 5S
1comparing :TS QH
1comparing :JH TS
1comparing :7S JH
3comparing :TS TH
matchstack:3 offset: 3
1comparing :5S TS
3comparing :9S TS
3comparing :JH 5S
3comparing :7S QH
matchstack:1 offset: 1
1comparing :4S 5S
3comparing :9S 5S
3comparing :JH 4S
3comparing :7S QH
matchstack:1 offset: 1
1comparing :3S 4S
3comparing :9S 4S
3comparing :JH 3S
3comparing :7S QH
matchstack:1 offset: 1
1comparing :2S 3S
3comparing :9S 3S
3comparing :JH 2S
3comparing :7S QH
matchstack:1 offset: 1
1comparing :6S 2S
3comparing :9S 2S
3comparing :JH 6S
3comparing :7S QH
matchstack:1 offset: 1
1comparing :QH 6S
1comparing :9S QH
1comparing :JH 9S
1comparing :7S JH
3comparing :JH 6S
3comparing :7S QH
card: JS dealt on stack 5
1comparing :QH 6S
1comparing :9S QH
1comparing :JH 9S
1comparing :7S JH
1comparing :JS 7S
3comparing :JH 6S
3comparing :7S QH
3comparing :JS 9S
matchstack:5 offset: 3
1comparing :QH 6S
1comparing :JS QH
1comparing :JH JS
3comparing :JH 6S
3comparing :7S QH
matchstack:3 offset: 1
1comparing :QH 6S
1comparing :JH QH
3comparing :7S 6S
matchstack:2 offset: 1
1comparing :JH 6S
1comparing :JS JH
3comparing :7S 6S
matchstack:2 offset: 1
1comparing :JS 6S
3comparing :7S 6S
matchstack:1 offset: 1
1comparing :JH JS
3comparing :7S JS
matchstack:1 offset: 1
1comparing :QH JH
3comparing :7S JH
matchstack:1 offset: 1
1comparing :9S QH
1comparing :7S 9S
matchstack:2 offset: 1
1comparing :7S QH
card: QS dealt on stack 2
1comparing :7S QH
1comparing :QS 7S
matchstack:2 offset: 1
1comparing :QS QH
matchstack:1 offset: 1
1comparing :7S QS
matchstack:1 offset: 1
1comparing :9S 7S
matchstack:1 offset: 1
1comparing :8S 9S
matchstack:1 offset: 1
1comparing :AS 8S
matchstack:1 offset: 1
card: KS dealt on stack 1
1comparing :KS AS
matchstack:1 offset: 1
1 pile remaining: 52 
card: QD dealt on stack 0
card: AD dealt on stack 1
1comparing :AD QD
matchstack:1 offset: 1
card: 8H dealt on stack 1
1comparing :8H AD
card: 5S dealt on stack 2
1comparing :8H AD
1comparing :5S 8H
card: 3H dealt on stack 3
1comparing :8H AD
1comparing :5S 8H
1comparing :3H 5S
3comparing :3H AD
card: 5H dealt on stack 4
1comparing :8H AD
1comparing :5S 8H
1comparing :3H 5S
1comparing :5H 3H
3comparing :3H AD
3comparing :5H 8H
matchstack:4 offset: 3
1comparing :5H AD
1comparing :5S 5H
3comparing :3H AD
matchstack:2 offset: 1
1comparing :5S AD
1comparing :3H 5S
card: TC dealt on stack 3
1comparing :5S AD
1comparing :3H 5S
1comparing :TC 3H
3comparing :TC AD
card: 4D dealt on stack 4
1comparing :5S AD
1comparing :3H 5S
1comparing :TC 3H
1comparing :4D TC
3comparing :TC AD
3comparing :4D 5S
card: JH dealt on stack 5
1comparing :5S AD
1comparing :3H 5S
1comparing :TC 3H
1comparing :4D TC
1comparing :JH 4D
3comparing :TC AD
3comparing :4D 5S
3comparing :JH 3H
matchstack:5 offset: 3
1comparing :5S AD
1comparing :JH 5S
1comparing :TC JH
1comparing :4D TC
3comparing :TC AD
3comparing :4D 5S
card: KS dealt on stack 5
1comparing :5S AD
1comparing :JH 5S
1comparing :TC JH
1comparing :4D TC
1comparing :KS 4D
3comparing :TC AD
3comparing :4D 5S
3comparing :KS JH
card: 6H dealt on stack 6
1comparing :5S AD
1comparing :JH 5S
1comparing :TC JH
1comparing :4D TC
1comparing :KS 4D
1comparing :6H KS
3comparing :TC AD
3comparing :4D 5S
3comparing :KS JH
3comparing :6H TC
card: 8S dealt on stack 7
1comparing :5S AD
1comparing :JH 5S
1comparing :TC JH
1comparing :4D TC
1comparing :KS 4D
1comparing :6H KS
1comparing :8S 6H
3comparing :TC AD
3comparing :4D 5S
3comparing :KS JH
3comparing :6H TC
3comparing :8S 4D
card: JS dealt on stack 8
1comparing :5S AD
1comparing :JH 5S
1comparing :TC JH
1comparing :4D TC
1comparing :KS 4D
1comparing :6H KS
1comparing :8S 6H
1comparing :JS 8S
3comparing :TC AD
3comparing :4D 5S
3comparing :KS JH
3comparing :6H TC
3comparing :8S 4D
3comparing :JS KS
matchstack:8 offset: 3
1comparing :5S AD
1comparing :JH 5S
1comparing :TC JH
1comparing :4D TC
1comparing :JS 4D
1comparing :6H JS
1comparing :8S 6H
3comparing :TC AD
3comparing :4D 5S
3comparing :JS JH
matchstack:5 offset: 3
1comparing :5S AD
1comparing :JS 5S
3comparing :TC AD
3comparing :4D 5S
3comparing :KS JS
3comparing :6H TC
3comparing :8S 4D
matchstack:2 offset: 1
1comparing :JS AD
1comparing :JH JS
3comparing :TC AD
3comparing :4D JS
3comparing :KS JH
3comparing :6H TC
3comparing :8S 4D
matchstack:2 offset: 1
1comparing :JH AD
1comparing :3H JH
3comparing :TC AD
3comparing :4D JH
3comparing :KS 3H
3comparing :6H TC
3comparing :8S 4D
matchstack:2 offset: 1
1comparing :3H AD
1comparing :TC 3H
1comparing :4D TC
1comparing :KS 4D
1comparing :6H KS
1comparing :8S 6H
3comparing :4D AD
matchstack:3 offset: 3
1comparing :3H 4D
1comparing :TC 3H
1comparing :KS TC
1comparing :6H KS
1comparing :8S 6H
3comparing :KS 4D
3comparing :6H 3H
matchstack:4 offset: 3
1comparing :6H 4D
1comparing :TC 6H
1comparing :KS TC
1comparing :8S KS
3comparing :KS 4D
3comparing :8S 6H
matchstack:4 offset: 1
1comparing :6H 4D
1comparing :TC 6H
1comparing :8S TC
3comparing :8S 4D
card: AC dealt on stack 4
1comparing :6H 4D
1comparing :TC 6H
1comparing :8S TC
1comparing :AC 8S
3comparing :8S 4D
3comparing :AC 6H
card: AS dealt on stack 5
1comparing :6H 4D
1comparing :TC 6H
1comparing :8S TC
1comparing :AC 8S
1comparing :AS AC
3comparing :8S 4D
3comparing :AC 6H
3comparing :AS TC
matchstack:5 offset: 1
1comparing :6H 4D
1comparing :TC 6H
1comparing :8S TC
1comparing :AS 8S
3comparing :8S 4D
3comparing :AS 6H
matchstack:4 offset: 1
1comparing :6H 4D
1comparing :TC 6H
1comparing :AS TC
1comparing :AC AS
3comparing :AS 4D
3comparing :AC 6H
matchstack:4 offset: 1
1comparing :6H 4D
1comparing :TC 6H
1comparing :AC TC
3comparing :AC 4D
matchstack:3 offset: 1
1comparing :6H 4D
1comparing :AC 6H
1comparing :AS AC
3comparing :AS 4D
matchstack:3 offset: 1
1comparing :6H 4D
1comparing :AS 6H
1comparing :8S AS
3comparing :8S 4D
matchstack:3 offset: 1
1comparing :6H 4D
1comparing :8S 6H
1comparing :KS 8S
3comparing :KS 4D
matchstack:3 offset: 1
1comparing :6H 4D
1comparing :KS 6H
card: 8D dealt on stack 3
1comparing :6H 4D
1comparing :KS 6H
1comparing :8D KS
3comparing :8D 4D
matchstack:3 offset: 3
1comparing :6H 8D
1comparing :KS 6H
card: 2H dealt on stack 3
1comparing :6H 8D
1comparing :KS 6H
1comparing :2H KS
3comparing :2H 8D
card: QS dealt on stack 4
1comparing :6H 8D
1comparing :KS 6H
1comparing :2H KS
1comparing :QS 2H
3comparing :2H 8D
3comparing :QS 6H
card: TS dealt on stack 5
1comparing :6H 8D
1comparing :KS 6H
1comparing :2H KS
1comparing :QS 2H
1comparing :TS QS
3comparing :2H 8D
3comparing :QS 6H
3comparing :TS KS
matchstack:5 offset: 3
1comparing :6H 8D
1comparing :TS 6H
1comparing :2H TS
1comparing :QS 2H
3comparing :2H 8D
3comparing :QS 6H
card: 3S dealt on stack 5
1comparing :6H 8D
1comparing :TS 6H
1comparing :2H TS
1comparing :QS 2H
1comparing :3S QS
3comparing :2H 8D
3comparing :QS 6H
3comparing :3S TS
matchstack:5 offset: 3
1comparing :6H 8D
1comparing :3S 6H
1comparing :2H 3S
1comparing :QS 2H
3comparing :2H 8D
3comparing :QS 6H
card: AH dealt on stack 5
1comparing :6H 8D
1comparing :3S 6H
1comparing :2H 3S
1comparing :QS 2H
1comparing :AH QS
3comparing :2H 8D
3comparing :QS 6H
3comparing :AH 3S
card: 4H dealt on stack 6
1comparing :6H 8D
1comparing :3S 6H
1comparing :2H 3S
1comparing :QS 2H
1comparing :AH QS
1comparing :4H AH
3comparing :2H 8D
3comparing :QS 6H
3comparing :AH 3S
3comparing :4H 2H
matchstack:6 offset: 3
1comparing :6H 8D
1comparing :3S 6H
1comparing :4H 3S
1comparing :QS 4H
1comparing :AH QS
3comparing :4H 8D
3comparing :QS 6H
3comparing :AH 3S
card: TH dealt on stack 6
1comparing :6H 8D
1comparing :3S 6H
1comparing :4H 3S
1comparing :QS 4H
1comparing :AH QS
1comparing :TH AH
3comparing :4H 8D
3comparing :QS 6H
3comparing :AH 3S
3comparing :TH 4H
matchstack:6 offset: 3
1comparing :6H 8D
1comparing :3S 6H
1comparing :TH 3S
1comparing :QS TH
1comparing :AH QS
3comparing :TH 8D
3comparing :QS 6H
3comparing :AH 3S
card: TD dealt on stack 6
1comparing :6H 8D
1comparing :3S 6H
1comparing :TH 3S
1comparing :QS TH
1comparing :AH QS
1comparing :TD AH
3comparing :TH 8D
3comparing :QS 6H
3comparing :AH 3S
3comparing :TD TH
matchstack:6 offset: 3
1comparing :6H 8D
1comparing :3S 6H
1comparing :TD 3S
1comparing :QS TD
1comparing :AH QS
3comparing :TD 8D
matchstack:3 offset: 3
1comparing :6H TD
1comparing :3S 6H
1comparing :TH 3S
1comparing :QS TH
1comparing :AH QS
3comparing :TH TD
matchstack:3 offset: 3
1comparing :6H TH
3comparing :4H TH
3comparing :QS 6H
3comparing :AH 3S
matchstack:1 offset: 1
1comparing :3H 6H
3comparing :4H 6H
3comparing :QS 3H
3comparing :AH 3S
matchstack:1 offset: 1
1comparing :JH 3H
3comparing :4H 3H
3comparing :QS JH
3comparing :AH 3S
matchstack:1 offset: 1
1comparing :JS JH
3comparing :4H JH
3comparing :QS JS
3comparing :AH 3S
matchstack:1 offset: 1
1comparing :5S JS
3comparing :4H JS
3comparing :QS 5S
3comparing :AH 3S
matchstack:1 offset: 1
1comparing :5H 5S
3comparing :4H 5S
3comparing :QS 5H
3comparing :AH 3S
matchstack:1 offset: 1
1comparing :8H 5H
3comparing :4H 5H
3comparing :QS 8H
3comparing :AH 3S
matchstack:1 offset: 1
1comparing :3S 8H
1comparing :4H 3S
1comparing :QS 4H
1comparing :AH QS
3comparing :QS 8H
3comparing :AH 3S
card: 3C dealt on stack 5
1comparing :3S 8H
1comparing :4H 3S
1comparing :QS 4H
1comparing :AH QS
1comparing :3C AH
3comparing :QS 8H
3comparing :AH 3S
3comparing :3C 4H
card: 6S dealt on stack 6
1comparing :3S 8H
1comparing :4H 3S
1comparing :QS 4H
1comparing :AH QS
1comparing :3C AH
1comparing :6S 3C
3comparing :QS 8H
3comparing :AH 3S
3comparing :3C 4H
3comparing :6S QS
matchstack:6 offset: 3
1comparing :3S 8H
1comparing :4H 3S
1comparing :6S 4H
1comparing :AH 6S
1comparing :3C AH
3comparing :6S 8H
3comparing :AH 3S
3comparing :3C 4H
card: 8C dealt on stack 6
1comparing :3S 8H
1comparing :4H 3S
1comparing :6S 4H
1comparing :AH 6S
1comparing :3C AH
1comparing :8C 3C
3comparing :6S 8H
3comparing :AH 3S
3comparing :3C 4H
3comparing :8C 6S
matchstack:6 offset: 1
1comparing :3S 8H
1comparing :4H 3S
1comparing :6S 4H
1comparing :AH 6S
1comparing :8C AH
3comparing :6S 8H
3comparing :AH 3S
3comparing :8C 4H
card: 7D dealt on stack 6
1comparing :3S 8H
1comparing :4H 3S
1comparing :6S 4H
1comparing :AH 6S
1comparing :8C AH
1comparing :7D 8C
3comparing :6S 8H
3comparing :AH 3S
3comparing :8C 4H
3comparing :7D 6S
card: 4C dealt on stack 7
1comparing :3S 8H
1comparing :4H 3S
1comparing :6S 4H
1comparing :AH 6S
1comparing :8C AH
1comparing :7D 8C
1comparing :4C 7D
3comparing :6S 8H
3comparing :AH 3S
3comparing :8C 4H
3comparing :7D 6S
3comparing :4C AH
card: 4S dealt on stack 8
1comparing :3S 8H
1comparing :4H 3S
1comparing :6S 4H
1comparing :AH 6S
1comparing :8C AH
1comparing :7D 8C
1comparing :4C 7D
1comparing :4S 4C
3comparing :6S 8H
3comparing :AH 3S
3comparing :8C 4H
3comparing :7D 6S
3comparing :4C AH
3comparing :4S 8C
matchstack:8 offset: 1
1comparing :3S 8H
1comparing :4H 3S
1comparing :6S 4H
1comparing :AH 6S
1comparing :8C AH
1comparing :7D 8C
1comparing :4S 7D
3comparing :6S 8H
3comparing :AH 3S
3comparing :8C 4H
3comparing :7D 6S
3comparing :4S AH
card: 7S dealt on stack 8
1comparing :3S 8H
1comparing :4H 3S
1comparing :6S 4H
1comparing :AH 6S
1comparing :8C AH
1comparing :7D 8C
1comparing :4S 7D
1comparing :7S 4S
3comparing :6S 8H
3comparing :AH 3S
3comparing :8C 4H
3comparing :7D 6S
3comparing :4S AH
3comparing :7S 8C
matchstack:8 offset: 1
1comparing :3S 8H
1comparing :4H 3S
1comparing :6S 4H
1comparing :AH 6S
1comparing :8C AH
1comparing :7D 8C
1comparing :7S 7D
3comparing :6S 8H
3comparing :AH 3S
3comparing :8C 4H
3comparing :7D 6S
3comparing :7S AH
matchstack:7 offset: 1
1comparing :3S 8H
1comparing :4H 3S
1comparing :6S 4H
1comparing :AH 6S
1comparing :8C AH
1comparing :7S 8C
1comparing :4S 7S
3comparing :6S 8H
3comparing :AH 3S
3comparing :8C 4H
3comparing :7S 6S
matchstack:6 offset: 3
1comparing :3S 8H
1comparing :4H 3S
1comparing :7S 4H
1comparing :AH 7S
1comparing :8C AH
1comparing :7D 8C
1comparing :4S 7D
3comparing :7S 8H
3comparing :AH 3S
3comparing :8C 4H
3comparing :7D 7S
matchstack:6 offset: 3
1comparing :3S 8H
1comparing :4H 3S
1comparing :7D 4H
1comparing :AH 7D
1comparing :8C AH
1comparing :4S 8C
3comparing :7D 8H
3comparing :AH 3S
3comparing :8C 4H
3comparing :4S 7D
card: 9H dealt on stack 7
1comparing :3S 8H
1comparing :4H 3S
1comparing :7D 4H
1comparing :AH 7D
1comparing :8C AH
1comparing :4S 8C
1comparing :9H 4S
3comparing :7D 8H
3comparing :AH 3S
3comparing :8C 4H
3comparing :4S 7D
3comparing :9H AH
matchstack:7 offset: 3
1comparing :3S 8H
1comparing :4H 3S
1comparing :7D 4H
1comparing :9H 7D
1comparing :8C 9H
1comparing :4S 8C
3comparing :7D 8H
3comparing :9H 3S
3comparing :8C 4H
3comparing :4S 7D
card: 7C dealt on stack 7
1comparing :3S 8H
1comparing :4H 3S
1comparing :7D 4H
1comparing :9H 7D
1comparing :8C 9H
1comparing :4S 8C
1comparing :7C 4S
3comparing :7D 8H
3comparing :9H 3S
3comparing :8C 4H
3comparing :4S 7D
3comparing :7C 9H
card: 5D dealt on stack 8
1comparing :3S 8H
1comparing :4H 3S
1comparing :7D 4H
1comparing :9H 7D
1comparing :8C 9H
1comparing :4S 8C
1comparing :7C 4S
1comparing :5D 7C
3comparing :7D 8H
3comparing :9H 3S
3comparing :8C 4H
3comparing :4S 7D
3comparing :7C 9H
3comparing :5D 8C
card: 2S dealt on stack 9
1comparing :3S 8H
1comparing :4H 3S
1comparing :7D 4H
1comparing :9H 7D
1comparing :8C 9H
1comparing :4S 8C
1comparing :7C 4S
1comparing :5D 7C
1comparing :2S 5D
3comparing :7D 8H
3comparing :9H 3S
3comparing :8C 4H
3comparing :4S 7D
3comparing :7C 9H
3comparing :5D 8C
3comparing :2S 4S
matchstack:9 offset: 3
1comparing :3S 8H
1comparing :4H 3S
1comparing :7D 4H
1comparing :9H 7D
1comparing :8C 9H
1comparing :2S 8C
1comparing :7C 2S
1comparing :5D 7C
3comparing :7D 8H
3comparing :9H 3S
3comparing :8C 4H
3comparing :2S 7D
3comparing :7C 9H
3comparing :5D 8C
card: KD dealt on stack 9
1comparing :3S 8H
1comparing :4H 3S
1comparing :7D 4H
1comparing :9H 7D
1comparing :8C 9H
1comparing :2S 8C
1comparing :7C 2S
1comparing :5D 7C
1comparing :KD 5D
3comparing :7D 8H
3comparing :9H 3S
3comparing :8C 4H
3comparing :2S 7D
3comparing :7C 9H
3comparing :5D 8C
3comparing :KD 2S
matchstack:9 offset: 1
1comparing :3S 8H
1comparing :4H 3S
1comparing :7D 4H
1comparing :9H 7D
1comparing :8C 9H
1comparing :2S 8C
1comparing :7C 2S
1comparing :KD 7C
3comparing :7D 8H
3comparing :9H 3S
3comparing :8C 4H
3comparing :2S 7D
3comparing :7C 9H
3comparing :KD 8C
card: 2D dealt on stack 9
1comparing :3S 8H
1comparing :4H 3S
1comparing :7D 4H
1comparing :9H 7D
1comparing :8C 9H
1comparing :2S 8C
1comparing :7C 2S
1comparing :KD 7C
1comparing :2D KD
3comparing :7D 8H
3comparing :9H 3S
3comparing :8C 4H
3comparing :2S 7D
3comparing :7C 9H
3comparing :KD 8C
3comparing :2D 2S
matchstack:9 offset: 3
1comparing :3S 8H
1comparing :4H 3S
1comparing :7D 4H
1comparing :9H 7D
1comparing :8C 9H
1comparing :2D 8C
1comparing :7C 2D
1comparing :KD 7C
3comparing :7D 8H
3comparing :9H 3S
3comparing :8C 4H
3comparing :2D 7D
matchstack:6 offset: 3
1comparing :3S 8H
1comparing :4H 3S
1comparing :2D 4H
1comparing :9H 2D
1comparing :8C 9H
1comparing :2S 8C
1comparing :7C 2S
1comparing :KD 7C
3comparing :2D 8H
3comparing :9H 3S
3comparing :8C 4H
3comparing :2S 2D
matchstack:6 offset: 3
1comparing :3S 8H
1comparing :4H 3S
1comparing :2S 4H
1comparing :9H 2S
1comparing :8C 9H
1comparing :4S 8C
1comparing :7C 4S
1comparing :KD 7C
3comparing :2S 8H
3comparing :9H 3S
3comparing :8C 4H
3comparing :4S 2S
matchstack:6 offset: 3
1comparing :3S 8H
1comparing :4H 3S
1comparing :4S 4H
3comparing :4S 8H
3comparing :9H 3S
3comparing :8C 4H
3comparing :4C 4S
3comparing :7C 9H
3comparing :KD 8C
matchstack:3 offset: 1
1comparing :3S 8H
1comparing :4S 3S
3comparing :2S 8H
3comparing :9H 3S
3comparing :8C 4S
3comparing :4C 2S
3comparing :7C 9H
3comparing :KD 8C
matchstack:2 offset: 1
1comparing :4S 8H
1comparing :4H 4S
3comparing :2S 8H
3comparing :9H 4S
3comparing :8C 4H
3comparing :4C 2S
3comparing :7C 9H
3comparing :KD 8C
matchstack:2 offset: 1
1comparing :4H 8H
3comparing :2S 8H
3comparing :9H 4H
3comparing :8C 2H
3comparing :4C 2S
3comparing :7C 9H
3comparing :KD 8C
matchstack:1 offset: 1
1comparing :4S 4H
3comparing :2S 4H
3comparing :9H 4S
3comparing :8C 2H
3comparing :4C 2S
3comparing :7C 9H
3comparing :KD 8C
matchstack:1 offset: 1
1comparing :3S 4S
3comparing :2S 4S
3comparing :9H 3S
3comparing :8C 2H
3comparing :4C 2S
3comparing :7C 9H
3comparing :KD 8C
matchstack:1 offset: 1
1comparing :TS 3S
3comparing :2S 3S
3comparing :9H TS
3comparing :8C 2H
3comparing :4C 2S
3comparing :7C 9H
3comparing :KD 8C
matchstack:1 offset: 1
1comparing :KS TS
3comparing :2S TS
3comparing :9H KS
3comparing :8C 2H
3comparing :4C 2S
3comparing :7C 9H
3comparing :KD 8C
matchstack:1 offset: 1
1comparing :8S KS
3comparing :2S KS
3comparing :9H 8S
3comparing :8C 2H
3comparing :4C 2S
3comparing :7C 9H
3comparing :KD 8C
matchstack:1 offset: 1
1comparing :AS 8S
3comparing :2S 8S
3comparing :9H AS
3comparing :8C 2H
3comparing :4C 2S
3comparing :7C 9H
3comparing :KD 8C
matchstack:1 offset: 1
1comparing :AC AS
3comparing :2S AS
3comparing :9H AC
3comparing :8C 2H
3comparing :4C 2S
3comparing :7C 9H
3comparing :KD 8C
matchstack:1 offset: 1
1comparing :TC AC
3comparing :2S AC
3comparing :9H TC
3comparing :8C 2H
3comparing :4C 2S
3comparing :7C 9H
3comparing :KD 8C
matchstack:1 offset: 1
1comparing :2H TC
1comparing :2S 2H
3comparing :9H TC
3comparing :8C 2H
3comparing :4C 2S
3comparing :7C 9H
3comparing :KD 8C
matchstack:2 offset: 1
1comparing :2S TC
1comparing :2D 2S
3comparing :9H TC
3comparing :8C 2S
3comparing :4C 2D
3comparing :7C 9H
3comparing :KD 8C
matchstack:2 offset: 1
1comparing :2D TC
1comparing :7D 2D
3comparing :9H TC
3comparing :8C 2D
3comparing :4C 7D
3comparing :7C 9H
3comparing :KD 8C
matchstack:2 offset: 1
1comparing :7D TC
1comparing :7S 7D
3comparing :9H TC
3comparing :8C 7D
3comparing :4C 7S
3comparing :7C 9H
3comparing :KD 8C
matchstack:2 offset: 1
1comparing :7S TC
1comparing :6S 7S
3comparing :9H TC
3comparing :8C 7S
3comparing :4C 6S
3comparing :7C 9H
3comparing :KD 8C
matchstack:2 offset: 1
1comparing :6S TC
1comparing :QS 6S
3comparing :9H TC
3comparing :8C 6S
3comparing :4C QS
3comparing :7C 9H
3comparing :KD 8C
matchstack:2 offset: 1
1comparing :QS TC
1comparing :9H QS
1comparing :8C 9H
1comparing :4C 8C
3comparing :8C TC
matchstack:3 offset: 3
1comparing :QS 8C
1comparing :9H QS
1comparing :3C 9H
1comparing :4C 3C
3comparing :3C 8C
matchstack:3 offset: 3
1comparing :QS 3C
1comparing :9H QS
1comparing :4C 9H
1comparing :7C 4C
3comparing :4C 3C
matchstack:3 offset: 3
1comparing :QS 4C
1comparing :9H QS
1comparing :7C 9H
1comparing :KD 7C
3comparing :7C 4C
matchstack:3 offset: 3
1comparing :QS 7C
1comparing :9H QS
1comparing :KD 9H
3comparing :KD 7C
card: QH dealt on stack 4
1comparing :QS 7C
1comparing :9H QS
1comparing :KD 9H
1comparing :QH KD
3comparing :KD 7C
3comparing :QH QS
matchstack:4 offset: 3
1comparing :QH 7C
1comparing :9H QH
3comparing :KD 7C
matchstack:2 offset: 1
1comparing :9H 7C
1comparing :AH 9H
3comparing :KD 7C
matchstack:2 offset: 1
1comparing :AH 7C
1comparing :KD AH
card: JD dealt on stack 3
1comparing :AH 7C
1comparing :KD AH
1comparing :JD KD
3comparing :JD 7C
matchstack:3 offset: 1
1comparing :AH 7C
1comparing :JD AH
card: 6D dealt on stack 3
1comparing :AH 7C
1comparing :JD AH
1comparing :6D JD
3comparing :6D 7C
matchstack:3 offset: 1
1comparing :AH 7C
1comparing :6D AH
card: 9D dealt on stack 3
1comparing :AH 7C
1comparing :6D AH
1comparing :9D 6D
3comparing :9D 7C
matchstack:3 offset: 1
1comparing :AH 7C
1comparing :9D AH
card: JC dealt on stack 3
1comparing :AH 7C
1comparing :9D AH
1comparing :JC 9D
3comparing :JC 7C
matchstack:3 offset: 3
1comparing :AH JC
1comparing :9D AH
card: 2C dealt on stack 3
1comparing :AH JC
1comparing :9D AH
1comparing :2C 9D
3comparing :2C JC
matchstack:3 offset: 3
1comparing :AH 2C
1comparing :9D AH
card: KH dealt on stack 3
1comparing :AH 2C
1comparing :9D AH
1comparing :KH 9D
3comparing :KH 2C
card: 3D dealt on stack 4
1comparing :AH 2C
1comparing :9D AH
1comparing :KH 9D
1comparing :3D KH
3comparing :KH 2C
3comparing :3D AH
card: QC dealt on stack 5
1comparing :AH 2C
1comparing :9D AH
1comparing :KH 9D
1comparing :3D KH
1comparing :QC 3D
3comparing :KH 2C
3comparing :3D AH
3comparing :QC 9D
card: 6C dealt on stack 6
1comparing :AH 2C
1comparing :9D AH
1comparing :KH 9D
1comparing :3D KH
1comparing :QC 3D
1comparing :6C QC
3comparing :KH 2C
3comparing :3D AH
3comparing :QC 9D
3comparing :6C KH
matchstack:6 offset: 1
1comparing :AH 2C
1comparing :9D AH
1comparing :KH 9D
1comparing :3D KH
1comparing :6C 3D
3comparing :KH 2C
3comparing :3D AH
3comparing :6C 9D
card: 9S dealt on stack 6
1comparing :AH 2C
1comparing :9D AH
1comparing :KH 9D
1comparing :3D KH
1comparing :6C 3D
1comparing :9S 6C
3comparing :KH 2C
3comparing :3D AH
3comparing :6C 9D
3comparing :9S KH
card: KC dealt on stack 7
1comparing :AH 2C
1comparing :9D AH
1comparing :KH 9D
1comparing :3D KH
1comparing :6C 3D
1comparing :9S 6C
1comparing :KC 9S
3comparing :KH 2C
3comparing :3D AH
3comparing :6C 9D
3comparing :9S KH
3comparing :KC 3D
card: 7H dealt on stack 8
1comparing :AH 2C
1comparing :9D AH
1comparing :KH 9D
1comparing :3D KH
1comparing :6C 3D
1comparing :9S 6C
1comparing :KC 9S
1comparing :7H KC
3comparing :KH 2C
3comparing :3D AH
3comparing :6C 9D
3comparing :9S KH
3comparing :KC 3D
3comparing :7H 6C
card: 9C dealt on stack 9
1comparing :AH 2C
1comparing :9D AH
1comparing :KH 9D
1comparing :3D KH
1comparing :6C 3D
1comparing :9S 6C
1comparing :KC 9S
1comparing :7H KC
1comparing :9C 7H
3comparing :KH 2C
3comparing :3D AH
3comparing :6C 9D
3comparing :9S KH
3comparing :KC 3D
3comparing :7H 6C
3comparing :9C 9S
matchstack:9 offset: 3
1comparing :AH 2C
1comparing :9D AH
1comparing :KH 9D
1comparing :3D KH
1comparing :6C 3D
1comparing :9C 6C
3comparing :KH 2C
3comparing :3D AH
3comparing :6C 9D
3comparing :9C KH
3comparing :KC 3D
3comparing :7H 6C
matchstack:6 offset: 1
1comparing :AH 2C
1comparing :9D AH
1comparing :KH 9D
1comparing :3D KH
1comparing :9C 3D
1comparing :9S 9C
3comparing :KH 2C
3comparing :3D AH
3comparing :9C 9D
matchstack:5 offset: 3
1comparing :AH 2C
1comparing :9C AH
1comparing :KH 9C
1comparing :3D KH
1comparing :6C 3D
1comparing :9S 6C
1comparing :KC 9S
1comparing :7H KC
3comparing :KH 2C
3comparing :3D AH
3comparing :6C 9C
matchstack:5 offset: 3
1comparing :AH 2C
1comparing :6C AH
1comparing :KH 6C
1comparing :3D KH
1comparing :QC 3D
1comparing :9S QC
1comparing :KC 9S
1comparing :7H KC
3comparing :KH 2C
3comparing :3D AH
3comparing :QC 6C
matchstack:5 offset: 3
1comparing :AH 2C
1comparing :QC AH
1comparing :KH QC
1comparing :3D KH
1comparing :9S 3D
1comparing :KC 9S
1comparing :7H KC
3comparing :KH 2C
3comparing :3D AH
3comparing :9S QC
3comparing :KC KH
matchstack:6 offset: 3
1comparing :AH 2C
1comparing :QC AH
1comparing :KC QC
3comparing :KC 2C
matchstack:3 offset: 3
1comparing :AH KC
1comparing :QC AH
1comparing :KH QC
1comparing :3D KH
1comparing :9S 3D
1comparing :7H 9S
3comparing :KH KC
matchstack:3 offset: 3
1comparing :AH KH
3comparing :3D KH
3comparing :9S AH
3comparing :7H QC
matchstack:1 offset: 1
1comparing :9H AH
3comparing :3D AH
3comparing :9S 9H
3comparing :7H QC
matchstack:1 offset: 1
1comparing :QH 9H
3comparing :3D 9H
3comparing :9S QH
3comparing :7H QC
matchstack:1 offset: 1
1comparing :QS QH
3comparing :3D QH
3comparing :9S QS
3comparing :7H QC
matchstack:1 offset: 1
1comparing :6S QS
3comparing :3D QS
3comparing :9S 6S
3comparing :7H QC
matchstack:1 offset: 1
1comparing :7S 6S
3comparing :3D 6S
3comparing :9S 7S
3comparing :7H QC
matchstack:1 offset: 1
1comparing :7D 7S
3comparing :3D 7S
3comparing :9S 7D
3comparing :7H QC
matchstack:1 offset: 1
1comparing :2D 7D
3comparing :3D 7D
3comparing :9S 2D
3comparing :7H QC
matchstack:1 offset: 1
1comparing :2S 2D
3comparing :3D 2D
3comparing :9S 2S
3comparing :7H QC
matchstack:1 offset: 1
1comparing :2H 2S
3comparing :3D 2S
3comparing :9S 2H
3comparing :7H QC
matchstack:1 offset: 1
1comparing :QC 2H
1comparing :3D QC
1comparing :9S 3D
1comparing :7H 9S
3comparing :9S 2H
3comparing :7H QC
card: 5C dealt on stack 5
1comparing :QC 2H
1comparing :3D QC
1comparing :9S 3D
1comparing :7H 9S
1comparing :5C 7H
3comparing :9S 2H
3comparing :7H QC
3comparing :5C 3D
6 piles remaining: 40 8 1 1 1 1 
card: AC dealt on stack 0
card: 2C dealt on stack 1
1comparing :2C AC
matchstack:1 offset: 1
card: 3C dealt on stack 1
1comparing :3C 2C
matchstack:1 offset: 1
card: 4C dealt on stack 1
1comparing :4C 3C
matchstack:1 offset: 1
card: 5C dealt on stack 1
1comparing :5C 4C
matchstack:1 offset: 1
card: 6C dealt on stack 1
1comparing :6C 5C
matchstack:1 offset: 1
card: 7C dealt on stack 1
1comparing :7C 6C
matchstack:1 offset: 1
card: 8C dealt on stack 1
1comparing :8C 7C
matchstack:1 offset: 1
card: 9C dealt on stack 1
1comparing :9C 8C
matchstack:1 offset: 1
card: TC dealt on stack 1
1comparing :TC 9C
matchstack:1 offset: 1
card: JC dealt on stack 1
1comparing :JC TC
matchstack:1 offset: 1
card: QC dealt on stack 1
1comparing :QC JC
matchstack:1 offset: 1
card: KC dealt on stack 1
1comparing :KC QC
matchstack:1 offset: 1
card: AD dealt on stack 1
1comparing :AD KC
card: 2D dealt on stack 2
1comparing :AD KC
1comparing :2D AD
matchstack:2 offset: 1
1comparing :2D KC
card: 3D dealt on stack 2
1comparing :2D KC
1comparing :3D 2D
matchstack:2 offset: 1
1comparing :3D KC
card: 4D dealt on stack 2
1comparing :3D KC
1comparing :4D 3D
matchstack:2 offset: 1
1comparing :4D KC
card: 5D dealt on stack 2
1comparing :4D KC
1comparing :5D 4D
matchstack:2 offset: 1
1comparing :5D KC
card: 6D dealt on stack 2
1comparing :5D KC
1comparing :6D 5D
matchstack:2 offset: 1
1comparing :6D KC
card: 7D dealt on stack 2
1comparing :6D KC
1comparing :7D 6D
matchstack:2 offset: 1
1comparing :7D KC
card: 8D dealt on stack 2
1comparing :7D KC
1comparing :8D 7D
matchstack:2 offset: 1
1comparing :8D KC
card: TD dealt on stack 2
1comparing :8D KC
1comparing :TD 8D
matchstack:2 offset: 1
1comparing :TD KC
card: 9D dealt on stack 2
1comparing :TD KC
1comparing :9D TD
matchstack:2 offset: 1
1comparing :9D KC
card: JD dealt on stack 2
1comparing :9D KC
1comparing :JD 9D
matchstack:2 offset: 1
1comparing :JD KC
card: QD dealt on stack 2
1comparing :JD KC
1comparing :QD JD
matchstack:2 offset: 1
1comparing :QD KC
card: KD dealt on stack 2
1comparing :QD KC
1comparing :KD QD
matchstack:2 offset: 1
1comparing :KD KC
matchstack:1 offset: 1
1comparing :QD KD
matchstack:1 offset: 1
1comparing :JD QD
matchstack:1 offset: 1
1comparing :9D JD
matchstack:1 offset: 1
1comparing :TD 9D
matchstack:1 offset: 1
1comparing :8D TD
matchstack:1 offset: 1
1comparing :7D 8D
matchstack:1 offset: 1
1comparing :6D 7D
matchstack:1 offset: 1
1comparing :5D 6D
matchstack:1 offset: 1
1comparing :4D 5D
matchstack:1 offset: 1
1comparing :3D 4D
matchstack:1 offset: 1
1comparing :2D 3D
matchstack:1 offset: 1
1comparing :AD 2D
matchstack:1 offset: 1
card: AH dealt on stack 1
1comparing :AH AD
matchstack:1 offset: 1
card: 2H dealt on stack 1
1comparing :2H AH
matchstack:1 offset: 1
card: 3H dealt on stack 1
1comparing :3H 2H
matchstack:1 offset: 1
card: 4H dealt on stack 1
1comparing :4H 3H
matchstack:1 offset: 1
card: 5H dealt on stack 1
1comparing :5H 4H
matchstack:1 offset: 1
card: 6H dealt on stack 1
1comparing :6H 5H
matchstack:1 offset: 1
card: 7H dealt on stack 1
1comparing :7H 6H
matchstack:1 offset: 1
card: 8H dealt on stack 1
1comparing :8H 7H
matchstack:1 offset: 1
card: 9H dealt on stack 1
1comparing :9H 8H
matchstack:1 offset: 1
card: KH dealt on stack 1
1comparing :KH 9H
matchstack:1 offset: 1
card: 6S dealt on stack 1
1comparing :6S KH
card: QH dealt on stack 2
1comparing :6S KH
1comparing :QH 6S
card: TH dealt on stack 3
1comparing :6S KH
1comparing :QH 6S
1comparing :TH QH
3comparing :TH KH
matchstack:3 offset: 3
1comparing :6S TH
1comparing :QH 6S
card: AS dealt on stack 3
1comparing :6S TH
1comparing :QH 6S
1comparing :AS QH
3comparing :AS TH
card: 2S dealt on stack 4
1comparing :6S TH
1comparing :QH 6S
1comparing :AS QH
1comparing :2S AS
3comparing :AS TH
3comparing :2S 6S
matchstack:4 offset: 3
1comparing :2S TH
1comparing :QH 2S
1comparing :AS QH
3comparing :AS TH
card: 3S dealt on stack 4
1comparing :2S TH
1comparing :QH 2S
1comparing :AS QH
1comparing :3S AS
3comparing :AS TH
3comparing :3S 2S
matchstack:4 offset: 3
1comparing :3S TH
1comparing :QH 3S
1comparing :AS QH
3comparing :AS TH
card: 4S dealt on stack 4
1comparing :3S TH
1comparing :QH 3S
1comparing :AS QH
1comparing :4S AS
3comparing :AS TH
3comparing :4S 3S
matchstack:4 offset: 3
1comparing :4S TH
1comparing :QH 4S
1comparing :AS QH
3comparing :AS TH
card: 5S dealt on stack 4
1comparing :4S TH
1comparing :QH 4S
1comparing :AS QH
1comparing :5S AS
3comparing :AS TH
3comparing :5S 4S
matchstack:4 offset: 3
1comparing :5S TH
1comparing :QH 5S
1comparing :AS QH
3comparing :AS TH
card: JH dealt on stack 4
1comparing :5S TH
1comparing :QH 5S
1comparing :AS QH
1comparing :JH AS
3comparing :AS TH
3comparing :JH 5S
card: 7S dealt on stack 5
1comparing :5S TH
1comparing :QH 5S
1comparing :AS QH
1comparing :JH AS
1comparing :7S JH
3comparing :AS TH
3comparing :JH 5S
3comparing :7S QH
card: 8S dealt on stack 6
1comparing :5S TH
1comparing :QH 5S
1comparing :AS QH
1comparing :JH AS
1comparing :7S JH
1comparing :8S 7S
3comparing :AS TH
3comparing :JH 5S
3comparing :7S QH
3comparing :8S AS
matchstack:6 offset: 3
1comparing :5S TH
1comparing :QH 5S
1comparing :8S QH
1comparing :JH 8S
1comparing :7S JH
3comparing :8S TH
3comparing :JH 5S
3comparing :7S QH
card: 9S dealt on stack 6
1comparing :5S TH
1comparing :QH 5S
1comparing :8S QH
1comparing :JH 8S
1comparing :7S JH
1comparing :9S 7S
3comparing :8S TH
3comparing :JH 5S
3comparing :7S QH
3comparing :9S 8S
matchstack:6 offset: 3
1comparing :5S TH
1comparing :QH 5S
1comparing :9S QH
1comparing :JH 9S
1comparing :7S JH
3comparing :9S TH
3comparing :JH 5S
3comparing :7S QH
card: TS dealt on stack 6
1comparing :5S TH
1comparing :QH 5S
1comparing :9S QH
1comparing :JH 9S
1comparing :7S JH
1comparing :TS 7S
3comparing :9S TH
3comparing :JH 5S
3comparing :7S QH
3comparing :TS 9S
matchstack:6 offset: 3
1comparing :5S TH
1comparing :QH 5S
1comparing :TS QH
1comparing :JH TS
1comparing :7S JH
3comparing :TS TH
matchstack:3 offset: 3
1comparing :5S TS
3comparing :9S TS
3comparing :JH 5S
3comparing :7S QH
matchstack:1 offset: 1
1comparing :4S 5S
3comparing :9S 5S
3comparing :JH 4S
3comparing :7S QH
matchstack:1 offset: 1
1comparing :3S 4S
3comparing :9S 4S
3comparing :JH 3S
3comparing :7S QH
matchstack:1 offset: 1
1comparing :2S 3S
3comparing :9S 3S
3comparing :JH 2S
3comparing :7S QH
matchstack:1 offset: 1
1comparing :6S 2S
3comparing :9S 2S
3comparing :JH 6S
3comparing :7S QH
matchstack:1 offset: 1
1comparing :QH 6S
1comparing :9S QH
1comparing :JH 9S
1comparing :7S JH
3comparing :JH 6S
3comparing :7S QH
card: JS dealt on stack 5
1comparing :QH 6S
1comparing :9S QH
1comparing :JH 9S
1comparing :7S JH
1comparing :JS 7S
3comparing :JH 6S
3comparing :7S QH
3comparing :JS 9S
matchstack:5 offset: 3
1comparing :QH 6S
1comparing :JS QH
1comparing :JH JS
3comparing :JH 6S
3comparing :7S QH
matchstack:3 offset: 1
1comparing :QH 6S
1comparing :JH QH
3comparing :7S 6S
matchstack:2 offset: 1
1comparing :JH 6S
1comparing :JS JH
3comparing :7S 6S
matchstack:2 offset: 1
1comparing :JS 6S
3comparing :7S 6S
matchstack:1 offset: 1
1comparing :JH JS
3comparing :7S JS
matchstack:1 offset: 1
1comparing :QH JH
3comparing :7S JH
matchstack:1 offset: 1
1comparing :9S QH
1comparing :7S 9S
matchstack:2 offset: 1
1comparing :7S QH
card: QS dealt on stack 2
1comparing :7S QH
1comparing :QS 7S
matchstack:2 offset: 1
1comparing :QS QH
matchstack:1 offset: 1
1comparing :7S QS
matchstack:1 offset: 1
1comparing :9S 7S
matchstack:1 offset: 1
1comparing :8S 9S
matchstack:1 offset: 1
1comparing :AS 8S
matchstack:1 offset: 1
card: KS dealt on stack 1
1comparing :KS AS
matchstack:1 offset: 1
1 pile remaining: 52 
